0 info it worked if it ends with ok
1 verbose cli [ 'node', '/usr/bin/npm', 'install' ]
2 info using npm@1.3.6
3 info using node@v0.10.42
4 verbose readDependencies using package.json deps
5 verbose install where, deps [ '/home/ethanpollitt/Personal/lt-site',
5 verbose install   [ '@angular/common',
5 verbose install     '@angular/compiler',
5 verbose install     '@angular/core',
5 verbose install     '@angular/forms',
5 verbose install     '@angular/http',
5 verbose install     '@angular/platform-browser',
5 verbose install     '@angular/platform-browser-dynamic',
5 verbose install     '@angular/router',
5 verbose install     '@angular/upgrade',
5 verbose install     'core-js',
5 verbose install     'reflect-metadata',
5 verbose install     'rxjs',
5 verbose install     'zone.js',
5 verbose install     'angular2-in-memory-web-api',
5 verbose install     'bootstrap',
5 verbose install     'express',
5 verbose install     'concurrently',
5 verbose install     'lite-server' ] ]
6 info preinstall lt-site@0.0.1
7 verbose readDependencies using package.json deps
8 verbose cache add [ '@angular/common@2.0.0', null ]
9 verbose cache add name=undefined spec="@angular/common@2.0.0" args=["@angular/common@2.0.0",null]
10 verbose parsed url { protocol: null,
10 verbose parsed url   slashes: null,
10 verbose parsed url   auth: null,
10 verbose parsed url   host: null,
10 verbose parsed url   port: null,
10 verbose parsed url   hostname: null,
10 verbose parsed url   hash: null,
10 verbose parsed url   search: null,
10 verbose parsed url   query: null,
10 verbose parsed url   pathname: '@angular/common@2.0.0',
10 verbose parsed url   path: '@angular/common@2.0.0',
10 verbose parsed url   href: '@angular/common@2.0.0' }
11 verbose cache add name="" spec="angular/common@2.0.0" args=["","angular/common@2.0.0"]
12 verbose parsed url { protocol: null,
12 verbose parsed url   slashes: null,
12 verbose parsed url   auth: null,
12 verbose parsed url   host: null,
12 verbose parsed url   port: null,
12 verbose parsed url   hostname: null,
12 verbose parsed url   hash: null,
12 verbose parsed url   search: null,
12 verbose parsed url   query: null,
12 verbose parsed url   pathname: 'angular/common@2.0.0',
12 verbose parsed url   path: 'angular/common@2.0.0',
12 verbose parsed url   href: 'angular/common@2.0.0' }
13 verbose cache add name="angular/common" spec="2.0.0" args=["angular/common","2.0.0"]
14 verbose parsed url { protocol: null,
14 verbose parsed url   slashes: null,
14 verbose parsed url   auth: null,
14 verbose parsed url   host: null,
14 verbose parsed url   port: null,
14 verbose parsed url   hostname: null,
14 verbose parsed url   hash: null,
14 verbose parsed url   search: null,
14 verbose parsed url   query: null,
14 verbose parsed url   pathname: '2.0.0',
14 verbose parsed url   path: '2.0.0',
14 verbose parsed url   href: '2.0.0' }
15 verbose addNamed [ 'angular/common', '2.0.0' ]
16 verbose addNamed [ '2.0.0', '2.0.0' ]
17 verbose cache add [ '@angular/compiler@2.0.0', null ]
18 verbose cache add name=undefined spec="@angular/compiler@2.0.0" args=["@angular/compiler@2.0.0",null]
19 verbose parsed url { protocol: null,
19 verbose parsed url   slashes: null,
19 verbose parsed url   auth: null,
19 verbose parsed url   host: null,
19 verbose parsed url   port: null,
19 verbose parsed url   hostname: null,
19 verbose parsed url   hash: null,
19 verbose parsed url   search: null,
19 verbose parsed url   query: null,
19 verbose parsed url   pathname: '@angular/compiler@2.0.0',
19 verbose parsed url   path: '@angular/compiler@2.0.0',
19 verbose parsed url   href: '@angular/compiler@2.0.0' }
20 verbose cache add name="" spec="angular/compiler@2.0.0" args=["","angular/compiler@2.0.0"]
21 verbose parsed url { protocol: null,
21 verbose parsed url   slashes: null,
21 verbose parsed url   auth: null,
21 verbose parsed url   host: null,
21 verbose parsed url   port: null,
21 verbose parsed url   hostname: null,
21 verbose parsed url   hash: null,
21 verbose parsed url   search: null,
21 verbose parsed url   query: null,
21 verbose parsed url   pathname: 'angular/compiler@2.0.0',
21 verbose parsed url   path: 'angular/compiler@2.0.0',
21 verbose parsed url   href: 'angular/compiler@2.0.0' }
22 verbose cache add name="angular/compiler" spec="2.0.0" args=["angular/compiler","2.0.0"]
23 verbose parsed url { protocol: null,
23 verbose parsed url   slashes: null,
23 verbose parsed url   auth: null,
23 verbose parsed url   host: null,
23 verbose parsed url   port: null,
23 verbose parsed url   hostname: null,
23 verbose parsed url   hash: null,
23 verbose parsed url   search: null,
23 verbose parsed url   query: null,
23 verbose parsed url   pathname: '2.0.0',
23 verbose parsed url   path: '2.0.0',
23 verbose parsed url   href: '2.0.0' }
24 verbose addNamed [ 'angular/compiler', '2.0.0' ]
25 verbose addNamed [ '2.0.0', '2.0.0' ]
26 verbose cache add [ '@angular/core@2.0.0', null ]
27 verbose cache add name=undefined spec="@angular/core@2.0.0" args=["@angular/core@2.0.0",null]
28 verbose parsed url { protocol: null,
28 verbose parsed url   slashes: null,
28 verbose parsed url   auth: null,
28 verbose parsed url   host: null,
28 verbose parsed url   port: null,
28 verbose parsed url   hostname: null,
28 verbose parsed url   hash: null,
28 verbose parsed url   search: null,
28 verbose parsed url   query: null,
28 verbose parsed url   pathname: '@angular/core@2.0.0',
28 verbose parsed url   path: '@angular/core@2.0.0',
28 verbose parsed url   href: '@angular/core@2.0.0' }
29 verbose cache add name="" spec="angular/core@2.0.0" args=["","angular/core@2.0.0"]
30 verbose parsed url { protocol: null,
30 verbose parsed url   slashes: null,
30 verbose parsed url   auth: null,
30 verbose parsed url   host: null,
30 verbose parsed url   port: null,
30 verbose parsed url   hostname: null,
30 verbose parsed url   hash: null,
30 verbose parsed url   search: null,
30 verbose parsed url   query: null,
30 verbose parsed url   pathname: 'angular/core@2.0.0',
30 verbose parsed url   path: 'angular/core@2.0.0',
30 verbose parsed url   href: 'angular/core@2.0.0' }
31 verbose cache add name="angular/core" spec="2.0.0" args=["angular/core","2.0.0"]
32 verbose parsed url { protocol: null,
32 verbose parsed url   slashes: null,
32 verbose parsed url   auth: null,
32 verbose parsed url   host: null,
32 verbose parsed url   port: null,
32 verbose parsed url   hostname: null,
32 verbose parsed url   hash: null,
32 verbose parsed url   search: null,
32 verbose parsed url   query: null,
32 verbose parsed url   pathname: '2.0.0',
32 verbose parsed url   path: '2.0.0',
32 verbose parsed url   href: '2.0.0' }
33 verbose addNamed [ 'angular/core', '2.0.0' ]
34 verbose addNamed [ '2.0.0', '2.0.0' ]
35 verbose cache add [ '@angular/forms@2.0.0', null ]
36 verbose cache add name=undefined spec="@angular/forms@2.0.0" args=["@angular/forms@2.0.0",null]
37 verbose parsed url { protocol: null,
37 verbose parsed url   slashes: null,
37 verbose parsed url   auth: null,
37 verbose parsed url   host: null,
37 verbose parsed url   port: null,
37 verbose parsed url   hostname: null,
37 verbose parsed url   hash: null,
37 verbose parsed url   search: null,
37 verbose parsed url   query: null,
37 verbose parsed url   pathname: '@angular/forms@2.0.0',
37 verbose parsed url   path: '@angular/forms@2.0.0',
37 verbose parsed url   href: '@angular/forms@2.0.0' }
38 verbose cache add name="" spec="angular/forms@2.0.0" args=["","angular/forms@2.0.0"]
39 verbose parsed url { protocol: null,
39 verbose parsed url   slashes: null,
39 verbose parsed url   auth: null,
39 verbose parsed url   host: null,
39 verbose parsed url   port: null,
39 verbose parsed url   hostname: null,
39 verbose parsed url   hash: null,
39 verbose parsed url   search: null,
39 verbose parsed url   query: null,
39 verbose parsed url   pathname: 'angular/forms@2.0.0',
39 verbose parsed url   path: 'angular/forms@2.0.0',
39 verbose parsed url   href: 'angular/forms@2.0.0' }
40 verbose cache add name="angular/forms" spec="2.0.0" args=["angular/forms","2.0.0"]
41 verbose parsed url { protocol: null,
41 verbose parsed url   slashes: null,
41 verbose parsed url   auth: null,
41 verbose parsed url   host: null,
41 verbose parsed url   port: null,
41 verbose parsed url   hostname: null,
41 verbose parsed url   hash: null,
41 verbose parsed url   search: null,
41 verbose parsed url   query: null,
41 verbose parsed url   pathname: '2.0.0',
41 verbose parsed url   path: '2.0.0',
41 verbose parsed url   href: '2.0.0' }
42 verbose addNamed [ 'angular/forms', '2.0.0' ]
43 verbose addNamed [ '2.0.0', '2.0.0' ]
44 verbose cache add [ '@angular/http@2.0.0', null ]
45 verbose cache add name=undefined spec="@angular/http@2.0.0" args=["@angular/http@2.0.0",null]
46 verbose parsed url { protocol: null,
46 verbose parsed url   slashes: null,
46 verbose parsed url   auth: null,
46 verbose parsed url   host: null,
46 verbose parsed url   port: null,
46 verbose parsed url   hostname: null,
46 verbose parsed url   hash: null,
46 verbose parsed url   search: null,
46 verbose parsed url   query: null,
46 verbose parsed url   pathname: '@angular/http@2.0.0',
46 verbose parsed url   path: '@angular/http@2.0.0',
46 verbose parsed url   href: '@angular/http@2.0.0' }
47 verbose cache add name="" spec="angular/http@2.0.0" args=["","angular/http@2.0.0"]
48 verbose parsed url { protocol: null,
48 verbose parsed url   slashes: null,
48 verbose parsed url   auth: null,
48 verbose parsed url   host: null,
48 verbose parsed url   port: null,
48 verbose parsed url   hostname: null,
48 verbose parsed url   hash: null,
48 verbose parsed url   search: null,
48 verbose parsed url   query: null,
48 verbose parsed url   pathname: 'angular/http@2.0.0',
48 verbose parsed url   path: 'angular/http@2.0.0',
48 verbose parsed url   href: 'angular/http@2.0.0' }
49 verbose cache add name="angular/http" spec="2.0.0" args=["angular/http","2.0.0"]
50 verbose parsed url { protocol: null,
50 verbose parsed url   slashes: null,
50 verbose parsed url   auth: null,
50 verbose parsed url   host: null,
50 verbose parsed url   port: null,
50 verbose parsed url   hostname: null,
50 verbose parsed url   hash: null,
50 verbose parsed url   search: null,
50 verbose parsed url   query: null,
50 verbose parsed url   pathname: '2.0.0',
50 verbose parsed url   path: '2.0.0',
50 verbose parsed url   href: '2.0.0' }
51 verbose addNamed [ 'angular/http', '2.0.0' ]
52 verbose addNamed [ '2.0.0', '2.0.0' ]
53 verbose cache add [ '@angular/platform-browser@2.0.0', null ]
54 verbose cache add name=undefined spec="@angular/platform-browser@2.0.0" args=["@angular/platform-browser@2.0.0",null]
55 verbose parsed url { protocol: null,
55 verbose parsed url   slashes: null,
55 verbose parsed url   auth: null,
55 verbose parsed url   host: null,
55 verbose parsed url   port: null,
55 verbose parsed url   hostname: null,
55 verbose parsed url   hash: null,
55 verbose parsed url   search: null,
55 verbose parsed url   query: null,
55 verbose parsed url   pathname: '@angular/platform-browser@2.0.0',
55 verbose parsed url   path: '@angular/platform-browser@2.0.0',
55 verbose parsed url   href: '@angular/platform-browser@2.0.0' }
56 verbose cache add name="" spec="angular/platform-browser@2.0.0" args=["","angular/platform-browser@2.0.0"]
57 verbose parsed url { protocol: null,
57 verbose parsed url   slashes: null,
57 verbose parsed url   auth: null,
57 verbose parsed url   host: null,
57 verbose parsed url   port: null,
57 verbose parsed url   hostname: null,
57 verbose parsed url   hash: null,
57 verbose parsed url   search: null,
57 verbose parsed url   query: null,
57 verbose parsed url   pathname: 'angular/platform-browser@2.0.0',
57 verbose parsed url   path: 'angular/platform-browser@2.0.0',
57 verbose parsed url   href: 'angular/platform-browser@2.0.0' }
58 verbose cache add name="angular/platform-browser" spec="2.0.0" args=["angular/platform-browser","2.0.0"]
59 verbose parsed url { protocol: null,
59 verbose parsed url   slashes: null,
59 verbose parsed url   auth: null,
59 verbose parsed url   host: null,
59 verbose parsed url   port: null,
59 verbose parsed url   hostname: null,
59 verbose parsed url   hash: null,
59 verbose parsed url   search: null,
59 verbose parsed url   query: null,
59 verbose parsed url   pathname: '2.0.0',
59 verbose parsed url   path: '2.0.0',
59 verbose parsed url   href: '2.0.0' }
60 verbose addNamed [ 'angular/platform-browser', '2.0.0' ]
61 verbose addNamed [ '2.0.0', '2.0.0' ]
62 verbose cache add [ '@angular/platform-browser-dynamic@2.0.0', null ]
63 verbose cache add name=undefined spec="@angular/platform-browser-dynamic@2.0.0" args=["@angular/platform-browser-dynamic@2.0.0",null]
64 verbose parsed url { protocol: null,
64 verbose parsed url   slashes: null,
64 verbose parsed url   auth: null,
64 verbose parsed url   host: null,
64 verbose parsed url   port: null,
64 verbose parsed url   hostname: null,
64 verbose parsed url   hash: null,
64 verbose parsed url   search: null,
64 verbose parsed url   query: null,
64 verbose parsed url   pathname: '@angular/platform-browser-dynamic@2.0.0',
64 verbose parsed url   path: '@angular/platform-browser-dynamic@2.0.0',
64 verbose parsed url   href: '@angular/platform-browser-dynamic@2.0.0' }
65 verbose cache add name="" spec="angular/platform-browser-dynamic@2.0.0" args=["","angular/platform-browser-dynamic@2.0.0"]
66 verbose parsed url { protocol: null,
66 verbose parsed url   slashes: null,
66 verbose parsed url   auth: null,
66 verbose parsed url   host: null,
66 verbose parsed url   port: null,
66 verbose parsed url   hostname: null,
66 verbose parsed url   hash: null,
66 verbose parsed url   search: null,
66 verbose parsed url   query: null,
66 verbose parsed url   pathname: 'angular/platform-browser-dynamic@2.0.0',
66 verbose parsed url   path: 'angular/platform-browser-dynamic@2.0.0',
66 verbose parsed url   href: 'angular/platform-browser-dynamic@2.0.0' }
67 verbose cache add name="angular/platform-browser-dynamic" spec="2.0.0" args=["angular/platform-browser-dynamic","2.0.0"]
68 verbose parsed url { protocol: null,
68 verbose parsed url   slashes: null,
68 verbose parsed url   auth: null,
68 verbose parsed url   host: null,
68 verbose parsed url   port: null,
68 verbose parsed url   hostname: null,
68 verbose parsed url   hash: null,
68 verbose parsed url   search: null,
68 verbose parsed url   query: null,
68 verbose parsed url   pathname: '2.0.0',
68 verbose parsed url   path: '2.0.0',
68 verbose parsed url   href: '2.0.0' }
69 verbose addNamed [ 'angular/platform-browser-dynamic', '2.0.0' ]
70 verbose addNamed [ '2.0.0', '2.0.0' ]
71 verbose cache add [ '@angular/router@3.0.0', null ]
72 verbose cache add name=undefined spec="@angular/router@3.0.0" args=["@angular/router@3.0.0",null]
73 verbose parsed url { protocol: null,
73 verbose parsed url   slashes: null,
73 verbose parsed url   auth: null,
73 verbose parsed url   host: null,
73 verbose parsed url   port: null,
73 verbose parsed url   hostname: null,
73 verbose parsed url   hash: null,
73 verbose parsed url   search: null,
73 verbose parsed url   query: null,
73 verbose parsed url   pathname: '@angular/router@3.0.0',
73 verbose parsed url   path: '@angular/router@3.0.0',
73 verbose parsed url   href: '@angular/router@3.0.0' }
74 verbose cache add name="" spec="angular/router@3.0.0" args=["","angular/router@3.0.0"]
75 verbose parsed url { protocol: null,
75 verbose parsed url   slashes: null,
75 verbose parsed url   auth: null,
75 verbose parsed url   host: null,
75 verbose parsed url   port: null,
75 verbose parsed url   hostname: null,
75 verbose parsed url   hash: null,
75 verbose parsed url   search: null,
75 verbose parsed url   query: null,
75 verbose parsed url   pathname: 'angular/router@3.0.0',
75 verbose parsed url   path: 'angular/router@3.0.0',
75 verbose parsed url   href: 'angular/router@3.0.0' }
76 verbose cache add name="angular/router" spec="3.0.0" args=["angular/router","3.0.0"]
77 verbose parsed url { protocol: null,
77 verbose parsed url   slashes: null,
77 verbose parsed url   auth: null,
77 verbose parsed url   host: null,
77 verbose parsed url   port: null,
77 verbose parsed url   hostname: null,
77 verbose parsed url   hash: null,
77 verbose parsed url   search: null,
77 verbose parsed url   query: null,
77 verbose parsed url   pathname: '3.0.0',
77 verbose parsed url   path: '3.0.0',
77 verbose parsed url   href: '3.0.0' }
78 verbose addNamed [ 'angular/router', '3.0.0' ]
79 verbose addNamed [ '3.0.0', '3.0.0' ]
80 verbose cache add [ '@angular/upgrade@2.0.0', null ]
81 verbose cache add name=undefined spec="@angular/upgrade@2.0.0" args=["@angular/upgrade@2.0.0",null]
82 verbose parsed url { protocol: null,
82 verbose parsed url   slashes: null,
82 verbose parsed url   auth: null,
82 verbose parsed url   host: null,
82 verbose parsed url   port: null,
82 verbose parsed url   hostname: null,
82 verbose parsed url   hash: null,
82 verbose parsed url   search: null,
82 verbose parsed url   query: null,
82 verbose parsed url   pathname: '@angular/upgrade@2.0.0',
82 verbose parsed url   path: '@angular/upgrade@2.0.0',
82 verbose parsed url   href: '@angular/upgrade@2.0.0' }
83 verbose cache add name="" spec="angular/upgrade@2.0.0" args=["","angular/upgrade@2.0.0"]
84 verbose parsed url { protocol: null,
84 verbose parsed url   slashes: null,
84 verbose parsed url   auth: null,
84 verbose parsed url   host: null,
84 verbose parsed url   port: null,
84 verbose parsed url   hostname: null,
84 verbose parsed url   hash: null,
84 verbose parsed url   search: null,
84 verbose parsed url   query: null,
84 verbose parsed url   pathname: 'angular/upgrade@2.0.0',
84 verbose parsed url   path: 'angular/upgrade@2.0.0',
84 verbose parsed url   href: 'angular/upgrade@2.0.0' }
85 verbose cache add name="angular/upgrade" spec="2.0.0" args=["angular/upgrade","2.0.0"]
86 verbose parsed url { protocol: null,
86 verbose parsed url   slashes: null,
86 verbose parsed url   auth: null,
86 verbose parsed url   host: null,
86 verbose parsed url   port: null,
86 verbose parsed url   hostname: null,
86 verbose parsed url   hash: null,
86 verbose parsed url   search: null,
86 verbose parsed url   query: null,
86 verbose parsed url   pathname: '2.0.0',
86 verbose parsed url   path: '2.0.0',
86 verbose parsed url   href: '2.0.0' }
87 verbose addNamed [ 'angular/upgrade', '2.0.0' ]
88 verbose addNamed [ '2.0.0', '2.0.0' ]
89 verbose cache add [ 'core-js@^2.4.1', null ]
90 verbose cache add name=undefined spec="core-js@^2.4.1" args=["core-js@^2.4.1",null]
91 verbose parsed url { protocol: null,
91 verbose parsed url   slashes: null,
91 verbose parsed url   auth: null,
91 verbose parsed url   host: null,
91 verbose parsed url   port: null,
91 verbose parsed url   hostname: null,
91 verbose parsed url   hash: null,
91 verbose parsed url   search: null,
91 verbose parsed url   query: null,
91 verbose parsed url   pathname: 'core-js@^2.4.1',
91 verbose parsed url   path: 'core-js@^2.4.1',
91 verbose parsed url   href: 'core-js@^2.4.1' }
92 verbose cache add name="core-js" spec="^2.4.1" args=["core-js","^2.4.1"]
93 verbose parsed url { protocol: null,
93 verbose parsed url   slashes: null,
93 verbose parsed url   auth: null,
93 verbose parsed url   host: null,
93 verbose parsed url   port: null,
93 verbose parsed url   hostname: null,
93 verbose parsed url   hash: null,
93 verbose parsed url   search: null,
93 verbose parsed url   query: null,
93 verbose parsed url   pathname: '^2.4.1',
93 verbose parsed url   path: '^2.4.1',
93 verbose parsed url   href: '^2.4.1' }
94 verbose addNamed [ 'core-js', '^2.4.1' ]
95 verbose addNamed [ null, '>=2.4.1-0 <3.0.0-0' ]
96 verbose cache add [ 'reflect-metadata@^0.1.3', null ]
97 verbose cache add name=undefined spec="reflect-metadata@^0.1.3" args=["reflect-metadata@^0.1.3",null]
98 verbose parsed url { protocol: null,
98 verbose parsed url   slashes: null,
98 verbose parsed url   auth: null,
98 verbose parsed url   host: null,
98 verbose parsed url   port: null,
98 verbose parsed url   hostname: null,
98 verbose parsed url   hash: null,
98 verbose parsed url   search: null,
98 verbose parsed url   query: null,
98 verbose parsed url   pathname: 'reflect-metadata@^0.1.3',
98 verbose parsed url   path: 'reflect-metadata@^0.1.3',
98 verbose parsed url   href: 'reflect-metadata@^0.1.3' }
99 verbose cache add name="reflect-metadata" spec="^0.1.3" args=["reflect-metadata","^0.1.3"]
100 verbose parsed url { protocol: null,
100 verbose parsed url   slashes: null,
100 verbose parsed url   auth: null,
100 verbose parsed url   host: null,
100 verbose parsed url   port: null,
100 verbose parsed url   hostname: null,
100 verbose parsed url   hash: null,
100 verbose parsed url   search: null,
100 verbose parsed url   query: null,
100 verbose parsed url   pathname: '^0.1.3',
100 verbose parsed url   path: '^0.1.3',
100 verbose parsed url   href: '^0.1.3' }
101 verbose addNamed [ 'reflect-metadata', '^0.1.3' ]
102 verbose addNamed [ null, '>=0.1.3-0 <0.2.0-0' ]
103 verbose cache add [ 'rxjs@5.0.0-beta.12', null ]
104 verbose cache add name=undefined spec="rxjs@5.0.0-beta.12" args=["rxjs@5.0.0-beta.12",null]
105 verbose parsed url { protocol: null,
105 verbose parsed url   slashes: null,
105 verbose parsed url   auth: null,
105 verbose parsed url   host: null,
105 verbose parsed url   port: null,
105 verbose parsed url   hostname: null,
105 verbose parsed url   hash: null,
105 verbose parsed url   search: null,
105 verbose parsed url   query: null,
105 verbose parsed url   pathname: 'rxjs@5.0.0-beta.12',
105 verbose parsed url   path: 'rxjs@5.0.0-beta.12',
105 verbose parsed url   href: 'rxjs@5.0.0-beta.12' }
106 verbose cache add name="rxjs" spec="5.0.0-beta.12" args=["rxjs","5.0.0-beta.12"]
107 verbose parsed url { protocol: null,
107 verbose parsed url   slashes: null,
107 verbose parsed url   auth: null,
107 verbose parsed url   host: null,
107 verbose parsed url   port: null,
107 verbose parsed url   hostname: null,
107 verbose parsed url   hash: null,
107 verbose parsed url   search: null,
107 verbose parsed url   query: null,
107 verbose parsed url   pathname: '5.0.0-beta.12',
107 verbose parsed url   path: '5.0.0-beta.12',
107 verbose parsed url   href: '5.0.0-beta.12' }
108 verbose addNamed [ 'rxjs', '5.0.0-beta.12' ]
109 verbose addNamed [ '5.0.0-beta.12', '5.0.0-beta.12' ]
110 verbose cache add [ 'zone.js@^0.6.23', null ]
111 verbose cache add name=undefined spec="zone.js@^0.6.23" args=["zone.js@^0.6.23",null]
112 verbose parsed url { protocol: null,
112 verbose parsed url   slashes: null,
112 verbose parsed url   auth: null,
112 verbose parsed url   host: null,
112 verbose parsed url   port: null,
112 verbose parsed url   hostname: null,
112 verbose parsed url   hash: null,
112 verbose parsed url   search: null,
112 verbose parsed url   query: null,
112 verbose parsed url   pathname: 'zone.js@^0.6.23',
112 verbose parsed url   path: 'zone.js@^0.6.23',
112 verbose parsed url   href: 'zone.js@^0.6.23' }
113 verbose cache add name="zone.js" spec="^0.6.23" args=["zone.js","^0.6.23"]
114 verbose parsed url { protocol: null,
114 verbose parsed url   slashes: null,
114 verbose parsed url   auth: null,
114 verbose parsed url   host: null,
114 verbose parsed url   port: null,
114 verbose parsed url   hostname: null,
114 verbose parsed url   hash: null,
114 verbose parsed url   search: null,
114 verbose parsed url   query: null,
114 verbose parsed url   pathname: '^0.6.23',
114 verbose parsed url   path: '^0.6.23',
114 verbose parsed url   href: '^0.6.23' }
115 verbose addNamed [ 'zone.js', '^0.6.23' ]
116 verbose addNamed [ null, '>=0.6.23-0 <0.7.0-0' ]
117 verbose cache add [ 'angular2-in-memory-web-api@0.0.20', null ]
118 verbose cache add name=undefined spec="angular2-in-memory-web-api@0.0.20" args=["angular2-in-memory-web-api@0.0.20",null]
119 verbose parsed url { protocol: null,
119 verbose parsed url   slashes: null,
119 verbose parsed url   auth: null,
119 verbose parsed url   host: null,
119 verbose parsed url   port: null,
119 verbose parsed url   hostname: null,
119 verbose parsed url   hash: null,
119 verbose parsed url   search: null,
119 verbose parsed url   query: null,
119 verbose parsed url   pathname: 'angular2-in-memory-web-api@0.0.20',
119 verbose parsed url   path: 'angular2-in-memory-web-api@0.0.20',
119 verbose parsed url   href: 'angular2-in-memory-web-api@0.0.20' }
120 verbose cache add name="angular2-in-memory-web-api" spec="0.0.20" args=["angular2-in-memory-web-api","0.0.20"]
121 verbose parsed url { protocol: null,
121 verbose parsed url   slashes: null,
121 verbose parsed url   auth: null,
121 verbose parsed url   host: null,
121 verbose parsed url   port: null,
121 verbose parsed url   hostname: null,
121 verbose parsed url   hash: null,
121 verbose parsed url   search: null,
121 verbose parsed url   query: null,
121 verbose parsed url   pathname: '0.0.20',
121 verbose parsed url   path: '0.0.20',
121 verbose parsed url   href: '0.0.20' }
122 verbose addNamed [ 'angular2-in-memory-web-api', '0.0.20' ]
123 verbose addNamed [ '0.0.20', '0.0.20' ]
124 verbose cache add [ 'bootstrap@^3.3.6', null ]
125 verbose cache add name=undefined spec="bootstrap@^3.3.6" args=["bootstrap@^3.3.6",null]
126 verbose parsed url { protocol: null,
126 verbose parsed url   slashes: null,
126 verbose parsed url   auth: null,
126 verbose parsed url   host: null,
126 verbose parsed url   port: null,
126 verbose parsed url   hostname: null,
126 verbose parsed url   hash: null,
126 verbose parsed url   search: null,
126 verbose parsed url   query: null,
126 verbose parsed url   pathname: 'bootstrap@^3.3.6',
126 verbose parsed url   path: 'bootstrap@^3.3.6',
126 verbose parsed url   href: 'bootstrap@^3.3.6' }
127 verbose cache add name="bootstrap" spec="^3.3.6" args=["bootstrap","^3.3.6"]
128 verbose parsed url { protocol: null,
128 verbose parsed url   slashes: null,
128 verbose parsed url   auth: null,
128 verbose parsed url   host: null,
128 verbose parsed url   port: null,
128 verbose parsed url   hostname: null,
128 verbose parsed url   hash: null,
128 verbose parsed url   search: null,
128 verbose parsed url   query: null,
128 verbose parsed url   pathname: '^3.3.6',
128 verbose parsed url   path: '^3.3.6',
128 verbose parsed url   href: '^3.3.6' }
129 verbose addNamed [ 'bootstrap', '^3.3.6' ]
130 verbose addNamed [ null, '>=3.3.6-0 <4.0.0-0' ]
131 verbose cache add [ 'express@latest', null ]
132 verbose cache add name=undefined spec="express@latest" args=["express@latest",null]
133 verbose parsed url { protocol: null,
133 verbose parsed url   slashes: null,
133 verbose parsed url   auth: null,
133 verbose parsed url   host: null,
133 verbose parsed url   port: null,
133 verbose parsed url   hostname: null,
133 verbose parsed url   hash: null,
133 verbose parsed url   search: null,
133 verbose parsed url   query: null,
133 verbose parsed url   pathname: 'express@latest',
133 verbose parsed url   path: 'express@latest',
133 verbose parsed url   href: 'express@latest' }
134 verbose cache add name="express" spec="latest" args=["express","latest"]
135 verbose parsed url { protocol: null,
135 verbose parsed url   slashes: null,
135 verbose parsed url   auth: null,
135 verbose parsed url   host: null,
135 verbose parsed url   port: null,
135 verbose parsed url   hostname: null,
135 verbose parsed url   hash: null,
135 verbose parsed url   search: null,
135 verbose parsed url   query: null,
135 verbose parsed url   pathname: 'latest',
135 verbose parsed url   path: 'latest',
135 verbose parsed url   href: 'latest' }
136 verbose addNamed [ 'express', 'latest' ]
137 verbose addNamed [ null, null ]
138 verbose cache add [ 'concurrently@^2.0.0', null ]
139 verbose cache add name=undefined spec="concurrently@^2.0.0" args=["concurrently@^2.0.0",null]
140 verbose parsed url { protocol: null,
140 verbose parsed url   slashes: null,
140 verbose parsed url   auth: null,
140 verbose parsed url   host: null,
140 verbose parsed url   port: null,
140 verbose parsed url   hostname: null,
140 verbose parsed url   hash: null,
140 verbose parsed url   search: null,
140 verbose parsed url   query: null,
140 verbose parsed url   pathname: 'concurrently@^2.0.0',
140 verbose parsed url   path: 'concurrently@^2.0.0',
140 verbose parsed url   href: 'concurrently@^2.0.0' }
141 verbose cache add name="concurrently" spec="^2.0.0" args=["concurrently","^2.0.0"]
142 verbose parsed url { protocol: null,
142 verbose parsed url   slashes: null,
142 verbose parsed url   auth: null,
142 verbose parsed url   host: null,
142 verbose parsed url   port: null,
142 verbose parsed url   hostname: null,
142 verbose parsed url   hash: null,
142 verbose parsed url   search: null,
142 verbose parsed url   query: null,
142 verbose parsed url   pathname: '^2.0.0',
142 verbose parsed url   path: '^2.0.0',
142 verbose parsed url   href: '^2.0.0' }
143 verbose addNamed [ 'concurrently', '^2.0.0' ]
144 verbose addNamed [ null, '>=2.0.0-0 <3.0.0-0' ]
145 verbose cache add [ 'lite-server@^2.2.0', null ]
146 verbose cache add name=undefined spec="lite-server@^2.2.0" args=["lite-server@^2.2.0",null]
147 verbose parsed url { protocol: null,
147 verbose parsed url   slashes: null,
147 verbose parsed url   auth: null,
147 verbose parsed url   host: null,
147 verbose parsed url   port: null,
147 verbose parsed url   hostname: null,
147 verbose parsed url   hash: null,
147 verbose parsed url   search: null,
147 verbose parsed url   query: null,
147 verbose parsed url   pathname: 'lite-server@^2.2.0',
147 verbose parsed url   path: 'lite-server@^2.2.0',
147 verbose parsed url   href: 'lite-server@^2.2.0' }
148 verbose cache add name="lite-server" spec="^2.2.0" args=["lite-server","^2.2.0"]
149 verbose parsed url { protocol: null,
149 verbose parsed url   slashes: null,
149 verbose parsed url   auth: null,
149 verbose parsed url   host: null,
149 verbose parsed url   port: null,
149 verbose parsed url   hostname: null,
149 verbose parsed url   hash: null,
149 verbose parsed url   search: null,
149 verbose parsed url   query: null,
149 verbose parsed url   pathname: '^2.2.0',
149 verbose parsed url   path: '^2.2.0',
149 verbose parsed url   href: '^2.2.0' }
150 verbose addNamed [ 'lite-server', '^2.2.0' ]
151 verbose addNamed [ null, '>=2.2.0-0 <3.0.0-0' ]
152 silly lockFile 0e3d6c46-angular-common-2-0-0 angular/common@2.0.0
153 verbose lock angular/common@2.0.0 /home/ethanpollitt/.npm/0e3d6c46-angular-common-2-0-0.lock
154 silly lockFile 770c3c92-angular-compiler-2-0-0 angular/compiler@2.0.0
155 verbose lock angular/compiler@2.0.0 /home/ethanpollitt/.npm/770c3c92-angular-compiler-2-0-0.lock
156 silly lockFile b9bc72b6-angular-core-2-0-0 angular/core@2.0.0
157 verbose lock angular/core@2.0.0 /home/ethanpollitt/.npm/b9bc72b6-angular-core-2-0-0.lock
158 silly lockFile 547a9a62-angular-forms-2-0-0 angular/forms@2.0.0
159 verbose lock angular/forms@2.0.0 /home/ethanpollitt/.npm/547a9a62-angular-forms-2-0-0.lock
160 silly lockFile dd755930-angular-http-2-0-0 angular/http@2.0.0
161 verbose lock angular/http@2.0.0 /home/ethanpollitt/.npm/dd755930-angular-http-2-0-0.lock
162 silly lockFile c16ff788-angular-platform-browser-2-0-0 angular/platform-browser@2.0.0
163 verbose lock angular/platform-browser@2.0.0 /home/ethanpollitt/.npm/c16ff788-angular-platform-browser-2-0-0.lock
164 silly lockFile feea2851-r-platform-browser-dynamic-2-0-0 angular/platform-browser-dynamic@2.0.0
165 verbose lock angular/platform-browser-dynamic@2.0.0 /home/ethanpollitt/.npm/feea2851-r-platform-browser-dynamic-2-0-0.lock
166 silly lockFile 72aca4b2-angular-router-3-0-0 angular/router@3.0.0
167 verbose lock angular/router@3.0.0 /home/ethanpollitt/.npm/72aca4b2-angular-router-3-0-0.lock
168 silly lockFile 81a5ce24-angular-upgrade-2-0-0 angular/upgrade@2.0.0
169 verbose lock angular/upgrade@2.0.0 /home/ethanpollitt/.npm/81a5ce24-angular-upgrade-2-0-0.lock
170 silly lockFile a299e77f-core-js-2-4-1 core-js@^2.4.1
171 verbose lock core-js@^2.4.1 /home/ethanpollitt/.npm/a299e77f-core-js-2-4-1.lock
172 silly lockFile e82b3467-reflect-metadata-0-1-3 reflect-metadata@^0.1.3
173 verbose lock reflect-metadata@^0.1.3 /home/ethanpollitt/.npm/e82b3467-reflect-metadata-0-1-3.lock
174 silly lockFile 4a2ee142-rxjs-5-0-0-beta-12 rxjs@5.0.0-beta.12
175 verbose lock rxjs@5.0.0-beta.12 /home/ethanpollitt/.npm/4a2ee142-rxjs-5-0-0-beta-12.lock
176 silly lockFile 4213c557-zone-js-0-6-23 zone.js@^0.6.23
177 verbose lock zone.js@^0.6.23 /home/ethanpollitt/.npm/4213c557-zone-js-0-6-23.lock
178 silly lockFile 6fc9e50e-ngular2-in-memory-web-api-0-0-20 angular2-in-memory-web-api@0.0.20
179 verbose lock angular2-in-memory-web-api@0.0.20 /home/ethanpollitt/.npm/6fc9e50e-ngular2-in-memory-web-api-0-0-20.lock
180 silly lockFile 2b45a5a4-bootstrap-3-3-6 bootstrap@^3.3.6
181 verbose lock bootstrap@^3.3.6 /home/ethanpollitt/.npm/2b45a5a4-bootstrap-3-3-6.lock
182 silly lockFile c30a01ab-express-latest express@latest
183 verbose lock express@latest /home/ethanpollitt/.npm/c30a01ab-express-latest.lock
184 silly lockFile fbc10fe1-concurrently-2-0-0 concurrently@^2.0.0
185 verbose lock concurrently@^2.0.0 /home/ethanpollitt/.npm/fbc10fe1-concurrently-2-0-0.lock
186 silly lockFile 492ac1bf-lite-server-2-2-0 lite-server@^2.2.0
187 verbose lock lite-server@^2.2.0 /home/ethanpollitt/.npm/492ac1bf-lite-server-2-2-0.lock
188 silly addNameRange { name: 'core-js', range: '>=2.4.1-0 <3.0.0-0', hasData: false }
189 silly addNameRange { name: 'reflect-metadata',
189 silly addNameRange   range: '>=0.1.3-0 <0.2.0-0',
189 silly addNameRange   hasData: false }
190 silly addNameRange { name: 'zone.js', range: '>=0.6.23-0 <0.7.0-0', hasData: false }
191 silly addNameRange { name: 'bootstrap',
191 silly addNameRange   range: '>=3.3.6-0 <4.0.0-0',
191 silly addNameRange   hasData: false }
192 info addNameTag [ 'express', 'latest' ]
193 silly addNameRange { name: 'concurrently',
193 silly addNameRange   range: '>=2.0.0-0 <3.0.0-0',
193 silly addNameRange   hasData: false }
194 silly addNameRange { name: 'lite-server',
194 silly addNameRange   range: '>=2.2.0-0 <3.0.0-0',
194 silly addNameRange   hasData: false }
195 verbose url raw angular/common/2.0.0
196 verbose url resolving [ 'http://registry.npmjs.org/', './angular/common/2.0.0' ]
197 verbose url resolved http://registry.npmjs.org/angular/common/2.0.0
198 info trying registry request attempt 1 at 14:59:59
199 http GET http://registry.npmjs.org/angular/common/2.0.0
200 verbose url raw angular/compiler/2.0.0
201 verbose url resolving [ 'http://registry.npmjs.org/', './angular/compiler/2.0.0' ]
202 verbose url resolved http://registry.npmjs.org/angular/compiler/2.0.0
203 info trying registry request attempt 1 at 14:59:59
204 http GET http://registry.npmjs.org/angular/compiler/2.0.0
205 verbose url raw angular/core/2.0.0
206 verbose url resolving [ 'http://registry.npmjs.org/', './angular/core/2.0.0' ]
207 verbose url resolved http://registry.npmjs.org/angular/core/2.0.0
208 info trying registry request attempt 1 at 14:59:59
209 http GET http://registry.npmjs.org/angular/core/2.0.0
210 verbose url raw angular/forms/2.0.0
211 verbose url resolving [ 'http://registry.npmjs.org/', './angular/forms/2.0.0' ]
212 verbose url resolved http://registry.npmjs.org/angular/forms/2.0.0
213 info trying registry request attempt 1 at 14:59:59
214 http GET http://registry.npmjs.org/angular/forms/2.0.0
215 verbose url raw angular/http/2.0.0
216 verbose url resolving [ 'http://registry.npmjs.org/', './angular/http/2.0.0' ]
217 verbose url resolved http://registry.npmjs.org/angular/http/2.0.0
218 info trying registry request attempt 1 at 14:59:59
219 http GET http://registry.npmjs.org/angular/http/2.0.0
220 verbose url raw angular/platform-browser/2.0.0
221 verbose url resolving [ 'http://registry.npmjs.org/',
221 verbose url resolving   './angular/platform-browser/2.0.0' ]
222 verbose url resolved http://registry.npmjs.org/angular/platform-browser/2.0.0
223 info trying registry request attempt 1 at 14:59:59
224 http GET http://registry.npmjs.org/angular/platform-browser/2.0.0
225 verbose url raw angular/platform-browser-dynamic/2.0.0
226 verbose url resolving [ 'http://registry.npmjs.org/',
226 verbose url resolving   './angular/platform-browser-dynamic/2.0.0' ]
227 verbose url resolved http://registry.npmjs.org/angular/platform-browser-dynamic/2.0.0
228 info trying registry request attempt 1 at 14:59:59
229 http GET http://registry.npmjs.org/angular/platform-browser-dynamic/2.0.0
230 verbose url raw angular/router/3.0.0
231 verbose url resolving [ 'http://registry.npmjs.org/', './angular/router/3.0.0' ]
232 verbose url resolved http://registry.npmjs.org/angular/router/3.0.0
233 info trying registry request attempt 1 at 14:59:59
234 http GET http://registry.npmjs.org/angular/router/3.0.0
235 verbose url raw angular/upgrade/2.0.0
236 verbose url resolving [ 'http://registry.npmjs.org/', './angular/upgrade/2.0.0' ]
237 verbose url resolved http://registry.npmjs.org/angular/upgrade/2.0.0
238 info trying registry request attempt 1 at 14:59:59
239 http GET http://registry.npmjs.org/angular/upgrade/2.0.0
240 verbose url raw core-js
241 verbose url resolving [ 'http://registry.npmjs.org/', './core-js' ]
242 verbose url resolved http://registry.npmjs.org/core-js
243 info trying registry request attempt 1 at 14:59:59
244 verbose etag "B556J679UQ17J1J6BPIP48IIW"
245 http GET http://registry.npmjs.org/core-js
246 verbose url raw reflect-metadata
247 verbose url resolving [ 'http://registry.npmjs.org/', './reflect-metadata' ]
248 verbose url resolved http://registry.npmjs.org/reflect-metadata
249 info trying registry request attempt 1 at 14:59:59
250 verbose etag "3FUNPAFFOC9BUD78M5LTTM94C"
251 http GET http://registry.npmjs.org/reflect-metadata
252 verbose url raw rxjs/5.0.0-beta.12
253 verbose url resolving [ 'http://registry.npmjs.org/', './rxjs/5.0.0-beta.12' ]
254 verbose url resolved http://registry.npmjs.org/rxjs/5.0.0-beta.12
255 info trying registry request attempt 1 at 14:59:59
256 verbose etag "EJCY9ORYA6D8RWW2XMC5PCS0Q"
257 http GET http://registry.npmjs.org/rxjs/5.0.0-beta.12
258 verbose url raw zone.js
259 verbose url resolving [ 'http://registry.npmjs.org/', './zone.js' ]
260 verbose url resolved http://registry.npmjs.org/zone.js
261 info trying registry request attempt 1 at 14:59:59
262 verbose etag "CEIBQS48U3970DBBLVY9BS6AW"
263 http GET http://registry.npmjs.org/zone.js
264 verbose url raw angular2-in-memory-web-api/0.0.20
265 verbose url resolving [ 'http://registry.npmjs.org/',
265 verbose url resolving   './angular2-in-memory-web-api/0.0.20' ]
266 verbose url resolved http://registry.npmjs.org/angular2-in-memory-web-api/0.0.20
267 info trying registry request attempt 1 at 14:59:59
268 verbose etag "3HQP0NIJUQQ7JW4HHCQA4Q1HO"
269 http GET http://registry.npmjs.org/angular2-in-memory-web-api/0.0.20
270 verbose url raw bootstrap
271 verbose url resolving [ 'http://registry.npmjs.org/', './bootstrap' ]
272 verbose url resolved http://registry.npmjs.org/bootstrap
273 info trying registry request attempt 1 at 14:59:59
274 verbose etag "3KWU3AI59SG2FNRLCG9DA44EZ"
275 http GET http://registry.npmjs.org/bootstrap
276 verbose url raw express
277 verbose url resolving [ 'http://registry.npmjs.org/', './express' ]
278 verbose url resolved http://registry.npmjs.org/express
279 info trying registry request attempt 1 at 14:59:59
280 verbose etag "3GWXE8QP9O8UMU0ZCCYQ9VSUN"
281 http GET http://registry.npmjs.org/express
282 verbose url raw concurrently
283 verbose url resolving [ 'http://registry.npmjs.org/', './concurrently' ]
284 verbose url resolved http://registry.npmjs.org/concurrently
285 info trying registry request attempt 1 at 14:59:59
286 verbose etag "41O7Q0D1BRSI5B5AUZXKPN9M0"
287 http GET http://registry.npmjs.org/concurrently
288 verbose url raw lite-server
289 verbose url resolving [ 'http://registry.npmjs.org/', './lite-server' ]
290 verbose url resolved http://registry.npmjs.org/lite-server
291 info trying registry request attempt 1 at 14:59:59
292 verbose etag "4339ML7XGEDOJ40RD2O9CYJ16"
293 http GET http://registry.npmjs.org/lite-server
294 http 404 http://registry.npmjs.org/angular/forms/2.0.0
295 verbose headers { server: 'CouchDB/1.5.0 (Erlang OTP/R16B03)',
295 verbose headers   'content-type': 'application/json',
295 verbose headers   'cache-control': 'max-age=0',
295 verbose headers   'content-length': '40',
295 verbose headers   'accept-ranges': 'bytes',
295 verbose headers   date: 'Fri, 30 Sep 2016 19:00:04 GMT',
295 verbose headers   via: '1.1 varnish',
295 verbose headers   age: '0',
295 verbose headers   connection: 'keep-alive',
295 verbose headers   'x-served-by': 'cache-ams4131-AMS',
295 verbose headers   'x-cache': 'MISS',
295 verbose headers   'x-cache-hits': '0',
295 verbose headers   'x-timer': 'S1475262003.945584,VS0,VE170' }
296 silly registry.get cb [ 404,
296 silly registry.get   { server: 'CouchDB/1.5.0 (Erlang OTP/R16B03)',
296 silly registry.get     'content-type': 'application/json',
296 silly registry.get     'cache-control': 'max-age=0',
296 silly registry.get     'content-length': '40',
296 silly registry.get     'accept-ranges': 'bytes',
296 silly registry.get     date: 'Fri, 30 Sep 2016 19:00:04 GMT',
296 silly registry.get     via: '1.1 varnish',
296 silly registry.get     age: '0',
296 silly registry.get     connection: 'keep-alive',
296 silly registry.get     'x-served-by': 'cache-ams4131-AMS',
296 silly registry.get     'x-cache': 'MISS',
296 silly registry.get     'x-cache-hits': '0',
296 silly registry.get     'x-timer': 'S1475262003.945584,VS0,VE170' } ]
297 silly lockFile 547a9a62-angular-forms-2-0-0 angular/forms@2.0.0
298 silly lockFile 547a9a62-angular-forms-2-0-0 angular/forms@2.0.0
299 http 404 http://registry.npmjs.org/angular/core/2.0.0
300 verbose headers { server: 'CouchDB/1.5.0 (Erlang OTP/R16B03)',
300 verbose headers   'content-type': 'application/json',
300 verbose headers   'cache-control': 'max-age=0',
300 verbose headers   'content-length': '40',
300 verbose headers   'accept-ranges': 'bytes',
300 verbose headers   date: 'Fri, 30 Sep 2016 19:00:04 GMT',
300 verbose headers   via: '1.1 varnish',
300 verbose headers   age: '0',
300 verbose headers   connection: 'keep-alive',
300 verbose headers   'x-served-by': 'cache-ams4125-AMS',
300 verbose headers   'x-cache': 'MISS',
300 verbose headers   'x-cache-hits': '0',
300 verbose headers   'x-timer': 'S1475262003.942167,VS0,VE180' }
301 silly registry.get cb [ 404,
301 silly registry.get   { server: 'CouchDB/1.5.0 (Erlang OTP/R16B03)',
301 silly registry.get     'content-type': 'application/json',
301 silly registry.get     'cache-control': 'max-age=0',
301 silly registry.get     'content-length': '40',
301 silly registry.get     'accept-ranges': 'bytes',
301 silly registry.get     date: 'Fri, 30 Sep 2016 19:00:04 GMT',
301 silly registry.get     via: '1.1 varnish',
301 silly registry.get     age: '0',
301 silly registry.get     connection: 'keep-alive',
301 silly registry.get     'x-served-by': 'cache-ams4125-AMS',
301 silly registry.get     'x-cache': 'MISS',
301 silly registry.get     'x-cache-hits': '0',
301 silly registry.get     'x-timer': 'S1475262003.942167,VS0,VE180' } ]
302 silly lockFile b9bc72b6-angular-core-2-0-0 angular/core@2.0.0
303 silly lockFile b9bc72b6-angular-core-2-0-0 angular/core@2.0.0
304 http 404 http://registry.npmjs.org/angular/http/2.0.0
305 verbose headers { server: 'CouchDB/1.5.0 (Erlang OTP/R16B03)',
305 verbose headers   'content-type': 'application/json',
305 verbose headers   'cache-control': 'max-age=0',
305 verbose headers   'content-length': '40',
305 verbose headers   'accept-ranges': 'bytes',
305 verbose headers   date: 'Fri, 30 Sep 2016 19:00:04 GMT',
305 verbose headers   via: '1.1 varnish',
305 verbose headers   age: '0',
305 verbose headers   connection: 'keep-alive',
305 verbose headers   'x-served-by': 'cache-ams4441-AMS',
305 verbose headers   'x-cache': 'MISS',
305 verbose headers   'x-cache-hits': '0',
305 verbose headers   'x-timer': 'S1475262003.951047,VS0,VE172' }
306 silly registry.get cb [ 404,
306 silly registry.get   { server: 'CouchDB/1.5.0 (Erlang OTP/R16B03)',
306 silly registry.get     'content-type': 'application/json',
306 silly registry.get     'cache-control': 'max-age=0',
306 silly registry.get     'content-length': '40',
306 silly registry.get     'accept-ranges': 'bytes',
306 silly registry.get     date: 'Fri, 30 Sep 2016 19:00:04 GMT',
306 silly registry.get     via: '1.1 varnish',
306 silly registry.get     age: '0',
306 silly registry.get     connection: 'keep-alive',
306 silly registry.get     'x-served-by': 'cache-ams4441-AMS',
306 silly registry.get     'x-cache': 'MISS',
306 silly registry.get     'x-cache-hits': '0',
306 silly registry.get     'x-timer': 'S1475262003.951047,VS0,VE172' } ]
307 silly lockFile dd755930-angular-http-2-0-0 angular/http@2.0.0
308 silly lockFile dd755930-angular-http-2-0-0 angular/http@2.0.0
309 error 404 'angular' is not in the npm registry.
309 error 404 You should bug the author to publish it
309 error 404
309 error 404 Note that you can also install from a
309 error 404 tarball, folder, or http url, or git url.
310 error System Linux 4.4.14-200.fc22.x86_64
311 error command "node" "/usr/bin/npm" "install"
312 error cwd /home/ethanpollitt/Personal/lt-site
313 error node -v v0.10.42
314 error npm -v 1.3.6
315 error code E404
316 verbose exit [ 1, true ]
